#-----------------------------------------------------------
# Vivado v2018.2 (64-bit)
# SW Build 2258646 on Thu Jun 14 20:03:12 MDT 2018
# IP Build 2256618 on Thu Jun 14 22:10:49 MDT 2018
# Start of session at: Fri Apr  3 22:30:04 2020
# Process ID: 12560
# Current directory: C:/Users/Shuyi/Documents/VivadoPROJECTS/SoundDisplay_FRESH/v2_Monday_PM_WANG SHUYI_A0199514U_A0205199Y_Archive.xpr/SoundDisplay
# Command line: vivado.exe -gui_launcher_event rodinguilauncherevent17256 C:\Users\Shuyi\Documents\VivadoPROJECTS\SoundDisplay_FRESH\v2_Monday_PM_WANG SHUYI_A0199514U_A0205199Y_Archive.xpr\SoundDisplay\SoundDisplay.xpr
# Log file: C:/Users/Shuyi/Documents/VivadoPROJECTS/SoundDisplay_FRESH/v2_Monday_PM_WANG SHUYI_A0199514U_A0205199Y_Archive.xpr/SoundDisplay/vivado.log
# Journal file: C:/Users/Shuyi/Documents/VivadoPROJECTS/SoundDisplay_FRESH/v2_Monday_PM_WANG SHUYI_A0199514U_A0205199Y_Archive.xpr/SoundDisplay\vivado.jou
#-----------------------------------------------------------
start_gui
open_project {C:/Users/Shuyi/Documents/VivadoPROJECTS/SoundDisplay_FRESH/v2_Monday_PM_WANG SHUYI_A0199514U_A0205199Y_Archive.xpr/SoundDisplay/SoundDisplay.xpr}
INFO: [ProjectBase 1-489] The host OS only allows 260 characters in a normal path. The project is stored in a path with more than 80 characters. If you experience issues with IP, Block Designs, or files not being found, please consider moving the project to a location with a shorter path. Alternately consider using the OS subst command to map part of the path to a drive letter.
Current project path is 'C:/Users/Shuyi/Documents/VivadoPROJECTS/SoundDisplay_FRESH/v2_Monday_PM_WANG SHUYI_A0199514U_A0205199Y_Archive.xpr/SoundDisplay'
INFO: [Project 1-313] Project file moved from 'C:/Users/yuxin/Desktop/SoundDisplay/.Xil/Vivado-10336-MSI/PrjAr/_X_' since last save.
Scanning sources...
Finished scanning sources
INFO: [IP_Flow 19-234] Refreshing IP repositories
INFO: [IP_Flow 19-1704] No user IP repositories specified
INFO: [IP_Flow 19-2313] Loaded Vivado IP repository 'C:/Xilinx/Vivado/2018.2/data/ip'.
open_project: Time (s): cpu = 00:00:14 ; elapsed = 00:00:07 . Memory (MB): peak = 904.824 ; gain = 167.652
update_compile_order -fileset sources_1
close [ open {C:/Users/Shuyi/Documents/VivadoPROJECTS/SoundDisplay_FRESH/v2_Monday_PM_WANG SHUYI_A0199514U_A0205199Y_Archive.xpr/SoundDisplay/SoundDisplay.srcs/sources_1/new/doge.v} w ]
add_files {{C:/Users/Shuyi/Documents/VivadoPROJECTS/SoundDisplay_FRESH/v2_Monday_PM_WANG SHUYI_A0199514U_A0205199Y_Archive.xpr/SoundDisplay/SoundDisplay.srcs/sources_1/new/doge.v}}
update_compile_order -fileset sources_1
update_compile_order -fileset sources_1
close [ open {C:/Users/Shuyi/Documents/VivadoPROJECTS/SoundDisplay_FRESH/v2_Monday_PM_WANG SHUYI_A0199514U_A0205199Y_Archive.xpr/SoundDisplay/SoundDisplay.srcs/sources_1/new/gif.v} w ]
add_files {{C:/Users/Shuyi/Documents/VivadoPROJECTS/SoundDisplay_FRESH/v2_Monday_PM_WANG SHUYI_A0199514U_A0205199Y_Archive.xpr/SoundDisplay/SoundDisplay.srcs/sources_1/new/gif.v}}
update_compile_order -fileset sources_1
update_compile_order -fileset sources_1
reset_run synth_1
launch_runs impl_1 -to_step write_bitstream -jobs 4
[Fri Apr  3 22:59:37 2020] Launched synth_1...
Run output will be captured here: C:/Users/Shuyi/Documents/VivadoPROJECTS/SoundDisplay_FRESH/v2_Monday_PM_WANG SHUYI_A0199514U_A0205199Y_Archive.xpr/SoundDisplay/SoundDisplay.runs/synth_1/runme.log
[Fri Apr  3 22:59:37 2020] Launched impl_1...
Run output will be captured here: C:/Users/Shuyi/Documents/VivadoPROJECTS/SoundDisplay_FRESH/v2_Monday_PM_WANG SHUYI_A0199514U_A0205199Y_Archive.xpr/SoundDisplay/SoundDisplay.runs/impl_1/runme.log
archive_project {C:/Users/Shuyi/Documents/VivadoPROJECTS/SoundDisplay_FRESH/v2_Monday_PM_WANG SHUYI_A0199514U_A0205199Y_Archive.xpr/TEST_ANIMATION.xpr.zip} -temp_dir {C:/Users/Shuyi/Documents/VivadoPROJECTS/SoundDisplay_FRESH/v2_Monday_PM_WANG SHUYI_A0199514U_A0205199Y_Archive.xpr/SoundDisplay/.Xil/Vivado-12560-Shuyi-Laptop} -force -include_local_ip_cache -include_config_settings
INFO: [Coretcl 2-137] starting archive...
INFO: [Coretcl 2-1499] Saving project copy to temporary location 'C:/Users/Shuyi/Documents/VivadoPROJECTS/SoundDisplay_FRESH/v2_Monday_PM_WANG SHUYI_A0199514U_A0205199Y_Archive.xpr/SoundDisplay/.Xil/Vivado-12560-Shuyi-Laptop' for archiving project
INFO: [ProjectBase 1-489] The host OS only allows 260 characters in a normal path. The project is stored in a path with more than 80 characters. If you experience issues with IP, Block Designs, or files not being found, please consider moving the project to a location with a shorter path. Alternately consider using the OS subst command to map part of the path to a drive letter.
Current project path is 'C:/Users/Shuyi/Documents/VivadoPROJECTS/SoundDisplay_FRESH/v2_Monday_PM_WANG SHUYI_A0199514U_A0205199Y_Archive.xpr/SoundDisplay'
Scanning sources...
Finished scanning sources
INFO: [Coretcl 2-1211] Creating project copy for archival...
INFO: [ProjectBase 1-495] The host OS only allows 260 characters in a normal path. The project is stored in a path with more than 80 characters. If you experience any problem with archiving the project, please consider setting environment variable $TEMP to a shorter path.
Current project path is 'C:/Users/Shuyi/Documents/VivadoPROJECTS/SoundDisplay_FRESH/v2_Monday_PM_WANG SHUYI_A0199514U_A0205199Y_Archive.xpr/SoundDisplay/.Xil/Vivado-12560-Shuyi-Laptop/PrjAr/_X_'.
INFO: [Coretcl 2-1213] Including run results for 'synth_1'
INFO: [Coretcl 2-1213] Including run results for 'impl_1'
INFO: [Coretcl 2-1212] Importing remotely added design sources and verilog include files (if any)...
INFO: [filemgmt 20-334] All file(s) are already imported in fileset: 'constrs_1'
INFO: [filemgmt 20-348] Importing the appropriate files for fileset: 'constrs_1'
INFO: [filemgmt 20-348] Importing the appropriate files for fileset: 'sources_1'
INFO: [Coretcl 2-1209] Adding archive summary file to the project...
INFO: [Coretcl 2-1214] Preparing project files for archive...
INFO: [Coretcl 2-1210] Compressing project files and data...
INFO: [Coretcl 2-1215] Project archived (C:/Users/Shuyi/Documents/VivadoPROJECTS/SoundDisplay_FRESH/v2_Monday_PM_WANG SHUYI_A0199514U_A0205199Y_Archive.xpr/TEST_ANIMATION.xpr.zip)
INFO: [Coretcl 2-1216] To view the archive summary log in GUI, double click on 'Design Sources->Text->archive_project_summary.txt', or open this file from the archived project directory.
archive_project: Time (s): cpu = 00:00:01 ; elapsed = 00:00:06 . Memory (MB): peak = 957.895 ; gain = 3.473
reset_run impl_1 -prev_step 
launch_runs impl_1 -to_step write_bitstream -jobs 4
[Fri Apr  3 23:25:53 2020] Launched impl_1...
Run output will be captured here: C:/Users/Shuyi/Documents/VivadoPROJECTS/SoundDisplay_FRESH/v2_Monday_PM_WANG SHUYI_A0199514U_A0205199Y_Archive.xpr/SoundDisplay/SoundDisplay.runs/impl_1/runme.log
reset_run synth_1
launch_runs impl_1 -to_step write_bitstream -jobs 4
[Fri Apr  3 23:27:18 2020] Launched synth_1...
Run output will be captured here: C:/Users/Shuyi/Documents/VivadoPROJECTS/SoundDisplay_FRESH/v2_Monday_PM_WANG SHUYI_A0199514U_A0205199Y_Archive.xpr/SoundDisplay/SoundDisplay.runs/synth_1/runme.log
[Fri Apr  3 23:27:18 2020] Launched impl_1...
Run output will be captured here: C:/Users/Shuyi/Documents/VivadoPROJECTS/SoundDisplay_FRESH/v2_Monday_PM_WANG SHUYI_A0199514U_A0205199Y_Archive.xpr/SoundDisplay/SoundDisplay.runs/impl_1/runme.log
archive_project {C:/Users/Shuyi/Documents/VivadoPROJECTS/SoundDisplay_FRESH/v2_Monday_PM_WANG SHUYI_A0199514U_A0205199Y_Archive.xpr/TEST_ANI2.xpr.zip} -temp_dir {C:/Users/Shuyi/Documents/VivadoPROJECTS/SoundDisplay_FRESH/v2_Monday_PM_WANG SHUYI_A0199514U_A0205199Y_Archive.xpr/SoundDisplay/.Xil/Vivado-12560-Shuyi-Laptop} -force -include_local_ip_cache -include_config_settings
INFO: [Coretcl 2-137] starting archive...
INFO: [Coretcl 2-1499] Saving project copy to temporary location 'C:/Users/Shuyi/Documents/VivadoPROJECTS/SoundDisplay_FRESH/v2_Monday_PM_WANG SHUYI_A0199514U_A0205199Y_Archive.xpr/SoundDisplay/.Xil/Vivado-12560-Shuyi-Laptop' for archiving project
INFO: [ProjectBase 1-489] The host OS only allows 260 characters in a normal path. The project is stored in a path with more than 80 characters. If you experience issues with IP, Block Designs, or files not being found, please consider moving the project to a location with a shorter path. Alternately consider using the OS subst command to map part of the path to a drive letter.
Current project path is 'C:/Users/Shuyi/Documents/VivadoPROJECTS/SoundDisplay_FRESH/v2_Monday_PM_WANG SHUYI_A0199514U_A0205199Y_Archive.xpr/SoundDisplay'
Scanning sources...
Finished scanning sources
INFO: [Coretcl 2-1211] Creating project copy for archival...
INFO: [ProjectBase 1-495] The host OS only allows 260 characters in a normal path. The project is stored in a path with more than 80 characters. If you experience any problem with archiving the project, please consider setting environment variable $TEMP to a shorter path.
Current project path is 'C:/Users/Shuyi/Documents/VivadoPROJECTS/SoundDisplay_FRESH/v2_Monday_PM_WANG SHUYI_A0199514U_A0205199Y_Archive.xpr/SoundDisplay/.Xil/Vivado-12560-Shuyi-Laptop/PrjAr/_X_'.
INFO: [Coretcl 2-1213] Including run results for 'synth_1'
INFO: [Coretcl 2-1213] Including run results for 'impl_1'
INFO: [Coretcl 2-1212] Importing remotely added design sources and verilog include files (if any)...
INFO: [filemgmt 20-334] All file(s) are already imported in fileset: 'constrs_1'
INFO: [filemgmt 20-348] Importing the appropriate files for fileset: 'constrs_1'
INFO: [filemgmt 20-348] Importing the appropriate files for fileset: 'sources_1'
INFO: [Coretcl 2-1209] Adding archive summary file to the project...
INFO: [Coretcl 2-1214] Preparing project files for archive...
INFO: [Coretcl 2-1210] Compressing project files and data...
INFO: [Coretcl 2-1215] Project archived (C:/Users/Shuyi/Documents/VivadoPROJECTS/SoundDisplay_FRESH/v2_Monday_PM_WANG SHUYI_A0199514U_A0205199Y_Archive.xpr/TEST_ANI2.xpr.zip)
INFO: [Coretcl 2-1216] To view the archive summary log in GUI, double click on 'Design Sources->Text->archive_project_summary.txt', or open this file from the archived project directory.
archive_project: Time (s): cpu = 00:00:03 ; elapsed = 00:00:07 . Memory (MB): peak = 958.855 ; gain = 0.961
reset_run synth_1
launch_runs impl_1 -to_step write_bitstream -jobs 4
[Fri Apr  3 23:44:52 2020] Launched synth_1...
Run output will be captured here: C:/Users/Shuyi/Documents/VivadoPROJECTS/SoundDisplay_FRESH/v2_Monday_PM_WANG SHUYI_A0199514U_A0205199Y_Archive.xpr/SoundDisplay/SoundDisplay.runs/synth_1/runme.log
[Fri Apr  3 23:44:52 2020] Launched impl_1...
Run output will be captured here: C:/Users/Shuyi/Documents/VivadoPROJECTS/SoundDisplay_FRESH/v2_Monday_PM_WANG SHUYI_A0199514U_A0205199Y_Archive.xpr/SoundDisplay/SoundDisplay.runs/impl_1/runme.log
archive_project {C:/Users/Shuyi/Documents/VivadoPROJECTS/SoundDisplay_FRESH/v2_Monday_PM_WANG SHUYI_A0199514U_A0205199Y_Archive.xpr/TEST_ANI3.xpr.zip} -temp_dir {C:/Users/Shuyi/Documents/VivadoPROJECTS/SoundDisplay_FRESH/v2_Monday_PM_WANG SHUYI_A0199514U_A0205199Y_Archive.xpr/SoundDisplay/.Xil/Vivado-12560-Shuyi-Laptop} -force -include_local_ip_cache -include_config_settings
INFO: [Coretcl 2-137] starting archive...
INFO: [Coretcl 2-1499] Saving project copy to temporary location 'C:/Users/Shuyi/Documents/VivadoPROJECTS/SoundDisplay_FRESH/v2_Monday_PM_WANG SHUYI_A0199514U_A0205199Y_Archive.xpr/SoundDisplay/.Xil/Vivado-12560-Shuyi-Laptop' for archiving project
INFO: [ProjectBase 1-489] The host OS only allows 260 characters in a normal path. The project is stored in a path with more than 80 characters. If you experience issues with IP, Block Designs, or files not being found, please consider moving the project to a location with a shorter path. Alternately consider using the OS subst command to map part of the path to a drive letter.
Current project path is 'C:/Users/Shuyi/Documents/VivadoPROJECTS/SoundDisplay_FRESH/v2_Monday_PM_WANG SHUYI_A0199514U_A0205199Y_Archive.xpr/SoundDisplay'
Scanning sources...
Finished scanning sources
INFO: [Coretcl 2-1211] Creating project copy for archival...
INFO: [ProjectBase 1-495] The host OS only allows 260 characters in a normal path. The project is stored in a path with more than 80 characters. If you experience any problem with archiving the project, please consider setting environment variable $TEMP to a shorter path.
Current project path is 'C:/Users/Shuyi/Documents/VivadoPROJECTS/SoundDisplay_FRESH/v2_Monday_PM_WANG SHUYI_A0199514U_A0205199Y_Archive.xpr/SoundDisplay/.Xil/Vivado-12560-Shuyi-Laptop/PrjAr/_X_'.
INFO: [Coretcl 2-1213] Including run results for 'synth_1'
INFO: [Coretcl 2-1213] Including run results for 'impl_1'
INFO: [Coretcl 2-1212] Importing remotely added design sources and verilog include files (if any)...
INFO: [filemgmt 20-334] All file(s) are already imported in fileset: 'constrs_1'
INFO: [filemgmt 20-348] Importing the appropriate files for fileset: 'constrs_1'
INFO: [filemgmt 20-348] Importing the appropriate files for fileset: 'sources_1'
INFO: [Coretcl 2-1209] Adding archive summary file to the project...
INFO: [Coretcl 2-1214] Preparing project files for archive...
INFO: [Coretcl 2-1210] Compressing project files and data...
INFO: [Coretcl 2-1215] Project archived (C:/Users/Shuyi/Documents/VivadoPROJECTS/SoundDisplay_FRESH/v2_Monday_PM_WANG SHUYI_A0199514U_A0205199Y_Archive.xpr/TEST_ANI3.xpr.zip)
INFO: [Coretcl 2-1216] To view the archive summary log in GUI, double click on 'Design Sources->Text->archive_project_summary.txt', or open this file from the archived project directory.
archive_project: Time (s): cpu = 00:00:02 ; elapsed = 00:00:05 . Memory (MB): peak = 963.262 ; gain = 1.051
reset_run synth_1
launch_runs impl_1 -to_step write_bitstream -jobs 4
[Sat Apr  4 00:03:16 2020] Launched synth_1...
Run output will be captured here: C:/Users/Shuyi/Documents/VivadoPROJECTS/SoundDisplay_FRESH/v2_Monday_PM_WANG SHUYI_A0199514U_A0205199Y_Archive.xpr/SoundDisplay/SoundDisplay.runs/synth_1/runme.log
[Sat Apr  4 00:03:16 2020] Launched impl_1...
Run output will be captured here: C:/Users/Shuyi/Documents/VivadoPROJECTS/SoundDisplay_FRESH/v2_Monday_PM_WANG SHUYI_A0199514U_A0205199Y_Archive.xpr/SoundDisplay/SoundDisplay.runs/impl_1/runme.log
archive_project {C:/Users/Shuyi/Documents/VivadoPROJECTS/SoundDisplay_FRESH/v2_Monday_PM_WANG SHUYI_A0199514U_A0205199Y_Archive.xpr/TEST_ANI4.xpr.zip} -temp_dir {C:/Users/Shuyi/Documents/VivadoPROJECTS/SoundDisplay_FRESH/v2_Monday_PM_WANG SHUYI_A0199514U_A0205199Y_Archive.xpr/SoundDisplay/.Xil/Vivado-12560-Shuyi-Laptop} -force -include_local_ip_cache -include_config_settings
INFO: [Coretcl 2-137] starting archive...
INFO: [Coretcl 2-1499] Saving project copy to temporary location 'C:/Users/Shuyi/Documents/VivadoPROJECTS/SoundDisplay_FRESH/v2_Monday_PM_WANG SHUYI_A0199514U_A0205199Y_Archive.xpr/SoundDisplay/.Xil/Vivado-12560-Shuyi-Laptop' for archiving project
INFO: [ProjectBase 1-489] The host OS only allows 260 characters in a normal path. The project is stored in a path with more than 80 characters. If you experience issues with IP, Block Designs, or files not being found, please consider moving the project to a location with a shorter path. Alternately consider using the OS subst command to map part of the path to a drive letter.
Current project path is 'C:/Users/Shuyi/Documents/VivadoPROJECTS/SoundDisplay_FRESH/v2_Monday_PM_WANG SHUYI_A0199514U_A0205199Y_Archive.xpr/SoundDisplay'
Scanning sources...
Finished scanning sources
INFO: [Coretcl 2-1211] Creating project copy for archival...
INFO: [ProjectBase 1-495] The host OS only allows 260 characters in a normal path. The project is stored in a path with more than 80 characters. If you experience any problem with archiving the project, please consider setting environment variable $TEMP to a shorter path.
Current project path is 'C:/Users/Shuyi/Documents/VivadoPROJECTS/SoundDisplay_FRESH/v2_Monday_PM_WANG SHUYI_A0199514U_A0205199Y_Archive.xpr/SoundDisplay/.Xil/Vivado-12560-Shuyi-Laptop/PrjAr/_X_'.
INFO: [Coretcl 2-1213] Including run results for 'synth_1'
INFO: [Coretcl 2-1213] Including run results for 'impl_1'
INFO: [Coretcl 2-1212] Importing remotely added design sources and verilog include files (if any)...
INFO: [filemgmt 20-334] All file(s) are already imported in fileset: 'constrs_1'
INFO: [filemgmt 20-348] Importing the appropriate files for fileset: 'constrs_1'
INFO: [filemgmt 20-348] Importing the appropriate files for fileset: 'sources_1'
INFO: [Coretcl 2-1209] Adding archive summary file to the project...
INFO: [Coretcl 2-1214] Preparing project files for archive...
INFO: [Coretcl 2-1210] Compressing project files and data...
INFO: [Coretcl 2-1215] Project archived (C:/Users/Shuyi/Documents/VivadoPROJECTS/SoundDisplay_FRESH/v2_Monday_PM_WANG SHUYI_A0199514U_A0205199Y_Archive.xpr/TEST_ANI4.xpr.zip)
INFO: [Coretcl 2-1216] To view the archive summary log in GUI, double click on 'Design Sources->Text->archive_project_summary.txt', or open this file from the archived project directory.
archive_project: Time (s): cpu = 00:00:04 ; elapsed = 00:00:10 . Memory (MB): peak = 976.434 ; gain = 0.000
reset_run synth_1
launch_runs impl_1 -to_step write_bitstream -jobs 4
[Sat Apr  4 00:25:17 2020] Launched synth_1...
Run output will be captured here: C:/Users/Shuyi/Documents/VivadoPROJECTS/SoundDisplay_FRESH/v2_Monday_PM_WANG SHUYI_A0199514U_A0205199Y_Archive.xpr/SoundDisplay/SoundDisplay.runs/synth_1/runme.log
[Sat Apr  4 00:25:17 2020] Launched impl_1...
Run output will be captured here: C:/Users/Shuyi/Documents/VivadoPROJECTS/SoundDisplay_FRESH/v2_Monday_PM_WANG SHUYI_A0199514U_A0205199Y_Archive.xpr/SoundDisplay/SoundDisplay.runs/impl_1/runme.log
archive_project {C:/Users/Shuyi/Documents/VivadoPROJECTS/SoundDisplay_FRESH/v2_Monday_PM_WANG SHUYI_A0199514U_A0205199Y_Archive.xpr/TEST_ANI5.xpr.zip} -temp_dir {C:/Users/Shuyi/Documents/VivadoPROJECTS/SoundDisplay_FRESH/v2_Monday_PM_WANG SHUYI_A0199514U_A0205199Y_Archive.xpr/SoundDisplay/.Xil/Vivado-12560-Shuyi-Laptop} -force -include_local_ip_cache -include_config_settings
INFO: [Coretcl 2-137] starting archive...
INFO: [Coretcl 2-1499] Saving project copy to temporary location 'C:/Users/Shuyi/Documents/VivadoPROJECTS/SoundDisplay_FRESH/v2_Monday_PM_WANG SHUYI_A0199514U_A0205199Y_Archive.xpr/SoundDisplay/.Xil/Vivado-12560-Shuyi-Laptop' for archiving project
INFO: [ProjectBase 1-489] The host OS only allows 260 characters in a normal path. The project is stored in a path with more than 80 characters. If you experience issues with IP, Block Designs, or files not being found, please consider moving the project to a location with a shorter path. Alternately consider using the OS subst command to map part of the path to a drive letter.
Current project path is 'C:/Users/Shuyi/Documents/VivadoPROJECTS/SoundDisplay_FRESH/v2_Monday_PM_WANG SHUYI_A0199514U_A0205199Y_Archive.xpr/SoundDisplay'
Scanning sources...
Finished scanning sources
INFO: [Coretcl 2-1211] Creating project copy for archival...
INFO: [ProjectBase 1-495] The host OS only allows 260 characters in a normal path. The project is stored in a path with more than 80 characters. If you experience any problem with archiving the project, please consider setting environment variable $TEMP to a shorter path.
Current project path is 'C:/Users/Shuyi/Documents/VivadoPROJECTS/SoundDisplay_FRESH/v2_Monday_PM_WANG SHUYI_A0199514U_A0205199Y_Archive.xpr/SoundDisplay/.Xil/Vivado-12560-Shuyi-Laptop/PrjAr/_X_'.
INFO: [Coretcl 2-1213] Including run results for 'synth_1'
INFO: [Coretcl 2-1213] Including run results for 'impl_1'
INFO: [Coretcl 2-1212] Importing remotely added design sources and verilog include files (if any)...
INFO: [filemgmt 20-334] All file(s) are already imported in fileset: 'constrs_1'
INFO: [filemgmt 20-348] Importing the appropriate files for fileset: 'constrs_1'
INFO: [filemgmt 20-348] Importing the appropriate files for fileset: 'sources_1'
INFO: [Coretcl 2-1209] Adding archive summary file to the project...
INFO: [Coretcl 2-1214] Preparing project files for archive...
INFO: [Coretcl 2-1210] Compressing project files and data...
INFO: [Coretcl 2-1215] Project archived (C:/Users/Shuyi/Documents/VivadoPROJECTS/SoundDisplay_FRESH/v2_Monday_PM_WANG SHUYI_A0199514U_A0205199Y_Archive.xpr/TEST_ANI5.xpr.zip)
INFO: [Coretcl 2-1216] To view the archive summary log in GUI, double click on 'Design Sources->Text->archive_project_summary.txt', or open this file from the archived project directory.
archive_project: Time (s): cpu = 00:00:03 ; elapsed = 00:00:09 . Memory (MB): peak = 976.434 ; gain = 0.000
reset_run synth_1
launch_runs impl_1 -to_step write_bitstream -jobs 4
[Sat Apr  4 15:51:53 2020] Launched synth_1...
Run output will be captured here: C:/Users/Shuyi/Documents/VivadoPROJECTS/SoundDisplay_FRESH/v2_Monday_PM_WANG SHUYI_A0199514U_A0205199Y_Archive.xpr/SoundDisplay/SoundDisplay.runs/synth_1/runme.log
[Sat Apr  4 15:51:53 2020] Launched impl_1...
Run output will be captured here: C:/Users/Shuyi/Documents/VivadoPROJECTS/SoundDisplay_FRESH/v2_Monday_PM_WANG SHUYI_A0199514U_A0205199Y_Archive.xpr/SoundDisplay/SoundDisplay.runs/impl_1/runme.log
archive_project {C:/Users/Shuyi/Documents/VivadoPROJECTS/SoundDisplay_FRESH/v2_Monday_PM_WANG SHUYI_A0199514U_A0205199Y_Archive.xpr/Monday_PM_WANG SHUYI_A0199514U_A0205199Y_Archive.xpr.xpr.zip} -temp_dir {C:/Users/Shuyi/Documents/VivadoPROJECTS/SoundDisplay_FRESH/v2_Monday_PM_WANG SHUYI_A0199514U_A0205199Y_Archive.xpr/SoundDisplay/.Xil/Vivado-12560-Shuyi-Laptop} -force -include_local_ip_cache -include_config_settings
INFO: [Coretcl 2-137] starting archive...
INFO: [Coretcl 2-1499] Saving project copy to temporary location 'C:/Users/Shuyi/Documents/VivadoPROJECTS/SoundDisplay_FRESH/v2_Monday_PM_WANG SHUYI_A0199514U_A0205199Y_Archive.xpr/SoundDisplay/.Xil/Vivado-12560-Shuyi-Laptop' for archiving project
INFO: [ProjectBase 1-489] The host OS only allows 260 characters in a normal path. The project is stored in a path with more than 80 characters. If you experience issues with IP, Block Designs, or files not being found, please consider moving the project to a location with a shorter path. Alternately consider using the OS subst command to map part of the path to a drive letter.
Current project path is 'C:/Users/Shuyi/Documents/VivadoPROJECTS/SoundDisplay_FRESH/v2_Monday_PM_WANG SHUYI_A0199514U_A0205199Y_Archive.xpr/SoundDisplay'
Scanning sources...
Finished scanning sources
INFO: [Coretcl 2-1211] Creating project copy for archival...
INFO: [ProjectBase 1-495] The host OS only allows 260 characters in a normal path. The project is stored in a path with more than 80 characters. If you experience any problem with archiving the project, please consider setting environment variable $TEMP to a shorter path.
Current project path is 'C:/Users/Shuyi/Documents/VivadoPROJECTS/SoundDisplay_FRESH/v2_Monday_PM_WANG SHUYI_A0199514U_A0205199Y_Archive.xpr/SoundDisplay/.Xil/Vivado-12560-Shuyi-Laptop/PrjAr/_X_'.
INFO: [Coretcl 2-1213] Including run results for 'synth_1'
INFO: [Coretcl 2-1213] Including run results for 'impl_1'
INFO: [Coretcl 2-1212] Importing remotely added design sources and verilog include files (if any)...
INFO: [filemgmt 20-334] All file(s) are already imported in fileset: 'constrs_1'
INFO: [filemgmt 20-348] Importing the appropriate files for fileset: 'constrs_1'
INFO: [filemgmt 20-348] Importing the appropriate files for fileset: 'sources_1'
